[13:01:34.491] [INFO   ] thread main starting.
[13:01:34.506] [SEVERE ] cannot read configuration file config.properties trying from resources.
[13:01:34.506] [SEVERE ] configuration file was loaded from resources directory.
[13:01:35.257] [INFO   ] thread dealer starting.
[13:01:35.258] [INFO   ] Thread dealer starting.
[13:01:35.284] [SEVERE ] placing card 65 in slot 0
[13:01:35.301] [SEVERE ] placing card 23 in slot 1
[13:01:35.317] [SEVERE ] placing card 57 in slot 2
[13:01:35.333] [SEVERE ] placing card 71 in slot 3
[13:01:35.397] [SEVERE ] placing card 73 in slot 4
[13:01:35.412] [SEVERE ] placing card 17 in slot 5
[13:01:35.437] [SEVERE ] placing card 40 in slot 6
[13:01:35.453] [SEVERE ] placing card 13 in slot 7
[13:01:35.469] [SEVERE ] placing card 44 in slot 8
[13:01:35.489] [SEVERE ] placing card 75 in slot 9
[13:01:35.505] [SEVERE ] placing card 53 in slot 10
[13:01:35.521] [SEVERE ] placing card 19 in slot 11
[13:01:35.522] [INFO   ] Thread Thread-0 starting.
[13:01:35.523] [INFO   ] Thread Thread-3 starting.
[13:01:35.523] [INFO   ] Thread Thread-1 starting.
[13:01:35.522] [INFO   ] Thread Thread-2 starting.
[13:01:35.526] [INFO   ] Thread computer-1 starting.
[13:01:35.526] [INFO   ] Thread computer-2 starting.
[13:01:35.526] [INFO   ] Thread computer-0 starting.
[13:01:35.524] [INFO   ] Thread computer-3 starting.
[13:01:35.527] [SEVERE ] player 2 placing token on slot 9
[13:01:35.536] [SEVERE ] player 4 placing token on slot 1
[13:01:35.537] [SEVERE ] player 1 placing token on slot 8
[13:01:35.541] [SEVERE ] player 3 placing token on slot 2
[13:01:36.537] [SEVERE ] player 1 placing token on slot 4
[13:01:36.537] [SEVERE ] player 4 placing token on slot 0
[13:01:36.538] [SEVERE ] player 3 placing token on slot 7
[13:01:36.538] [SEVERE ] player 2 placing token on slot 11
[13:01:37.546] [SEVERE ] player 4 placing token on slot 5
[13:01:37.546] [SEVERE ] removing player 2 token from slot 9
[13:01:37.547] [SEVERE ] player 3 placing token on slot 8
[13:01:37.549] [SEVERE ] player 1 placing token on slot 0
[13:01:38.544] [SEVERE ] updating countdown to 2999
[13:01:38.561] [SEVERE ] removing player 1 token from slot 0
[13:01:38.561] [SEVERE ] removing player 3 token from slot 2
[13:01:38.561] [SEVERE ] removing player 4 token from slot 0
[13:01:38.562] [SEVERE ] removing card from slot 0
[13:01:38.574] [SEVERE ] removing player 4 token from slot 1
[13:01:38.574] [SEVERE ] removing card from slot 1
[13:01:38.586] [SEVERE ] removing card from slot 2
[13:01:38.597] [SEVERE ] removing card from slot 3
[13:01:38.608] [SEVERE ] removing player 1 token from slot 4
[13:01:38.608] [SEVERE ] removing card from slot 4
[13:01:38.619] [SEVERE ] removing player 4 token from slot 5
[13:01:38.619] [SEVERE ] removing card from slot 5
[13:01:38.630] [SEVERE ] removing card from slot 6
[13:01:38.641] [SEVERE ] removing player 3 token from slot 7
[13:01:38.641] [SEVERE ] removing card from slot 7
[13:01:38.653] [SEVERE ] removing player 1 token from slot 8
[13:01:38.653] [SEVERE ] removing player 3 token from slot 8
[13:01:38.654] [SEVERE ] removing card from slot 8
[13:01:38.664] [SEVERE ] removing card from slot 9
[13:01:38.675] [SEVERE ] removing card from slot 10
[13:01:38.686] [SEVERE ] removing player 2 token from slot 11
[13:01:38.687] [SEVERE ] removing card from slot 11
[13:01:38.699] [SEVERE ] placing card 54 in slot 0
[13:01:38.710] [SEVERE ] placing card 30 in slot 1
[13:01:38.721] [SEVERE ] placing card 40 in slot 2
[13:01:38.732] [SEVERE ] placing card 9 in slot 3
[13:01:38.744] [SEVERE ] placing card 74 in slot 4
[13:01:38.755] [SEVERE ] placing card 61 in slot 5
[13:01:38.767] [SEVERE ] placing card 50 in slot 6
[13:01:38.778] [SEVERE ] placing card 14 in slot 7
[13:01:38.789] [SEVERE ] placing card 33 in slot 8
[13:01:38.800] [SEVERE ] placing card 18 in slot 9
[13:01:38.811] [SEVERE ] placing card 21 in slot 10
[13:01:38.822] [SEVERE ] placing card 49 in slot 11
[13:01:38.822] [SEVERE ] player 1 placing token on slot 1
[13:01:38.823] [SEVERE ] player 4 placing token on slot 6
[13:01:38.823] [SEVERE ] player 2 placing token on slot 2
[13:01:39.565] [SEVERE ] player 1 placing token on slot 3
[13:01:39.565] [SEVERE ] player 3 placing token on slot 7
[13:01:39.565] [SEVERE ] player 2 placing token on slot 0
[13:01:39.566] [SEVERE ] player 4 placing token on slot 4
[13:01:40.580] [SEVERE ] player 1 placing token on slot 10
[13:01:40.580] [SEVERE ] player 4 placing token on slot 9
[13:01:40.581] [SEVERE ] player 2 placing token on slot 6
[13:01:40.581] [SEVERE ] player 3 placing token on slot 4
[13:01:41.589] [SEVERE ] player 1 placing token on slot 11
[13:01:41.590] [SEVERE ] player 4 placing token on slot 5
[13:01:41.591] [SEVERE ] player 3 placing token on slot 9
[13:01:41.592] [SEVERE ] player 2 placing token on slot 3
[13:01:41.827] [SEVERE ] updating countdown to 2999
[13:01:41.843] [SEVERE ] removing player 2 token from slot 0
[13:01:41.843] [SEVERE ] removing card from slot 0
[13:01:41.859] [SEVERE ] removing player 1 token from slot 1
[13:01:41.859] [SEVERE ] removing card from slot 1
[13:01:41.874] [SEVERE ] removing player 2 token from slot 2
[13:01:41.874] [SEVERE ] removing card from slot 2
[13:01:41.890] [SEVERE ] removing player 1 token from slot 3
[13:01:41.890] [SEVERE ] removing player 2 token from slot 3
[13:01:41.890] [SEVERE ] removing card from slot 3
[13:01:41.906] [SEVERE ] removing player 3 token from slot 4
[13:01:41.906] [SEVERE ] removing player 4 token from slot 4
[13:01:41.906] [SEVERE ] removing card from slot 4
[13:01:41.922] [SEVERE ] removing player 4 token from slot 5
[13:01:41.922] [SEVERE ] removing card from slot 5
[13:01:41.937] [SEVERE ] removing player 2 token from slot 6
[13:01:41.937] [SEVERE ] removing player 4 token from slot 6
[13:01:41.937] [SEVERE ] removing card from slot 6
[13:01:41.953] [SEVERE ] removing player 3 token from slot 7
[13:01:41.953] [SEVERE ] removing card from slot 7
[13:01:41.968] [SEVERE ] removing card from slot 8
[13:01:41.984] [SEVERE ] removing player 3 token from slot 9
[13:01:41.984] [SEVERE ] removing player 4 token from slot 9
[13:01:41.984] [SEVERE ] removing card from slot 9
[13:01:42.000] [SEVERE ] removing player 1 token from slot 10
[13:01:42.000] [SEVERE ] removing card from slot 10
[13:01:42.016] [SEVERE ] removing player 1 token from slot 11
[13:01:42.016] [SEVERE ] removing card from slot 11
[13:01:42.031] [SEVERE ] placing card 72 in slot 0
[13:01:42.047] [SEVERE ] placing card 60 in slot 1
[13:01:42.063] [SEVERE ] placing card 26 in slot 2
[13:01:42.079] [SEVERE ] placing card 79 in slot 3
[13:01:42.095] [SEVERE ] placing card 37 in slot 4
[13:01:42.111] [SEVERE ] placing card 61 in slot 5
[13:01:42.127] [SEVERE ] placing card 9 in slot 6
[13:01:42.143] [SEVERE ] placing card 4 in slot 7
[13:01:42.159] [SEVERE ] placing card 49 in slot 8
[13:01:42.174] [SEVERE ] placing card 39 in slot 9
[13:01:42.190] [SEVERE ] placing card 8 in slot 10
[13:01:42.206] [SEVERE ] placing card 70 in slot 11
[13:01:42.464] [SEVERE ] exit button pressed
[13:01:42.465] [INFO   ] Thread Thread-0 terminated.
[13:01:42.465] [INFO   ] Thread computer-0 terminated.
[13:01:42.470] [INFO   ] Thread Thread-1 terminated.
[13:01:42.470] [INFO   ] Thread computer-1 terminated.
[13:01:42.471] [INFO   ] Thread Thread-2 terminated.
[13:01:42.471] [INFO   ] Thread computer-2 terminated.
[13:01:42.471] [INFO   ] Thread Thread-3 terminated.
[13:01:42.471] [INFO   ] Thread computer-3 terminated.
[13:01:42.472] [SEVERE ] thanks for playing... it was fun!
[13:01:42.472] [INFO   ] thread main terminated.
